<?xml version="1.0" encoding="UTF-8"?>
<!-- Generated by org.testng.reporters.JUnitReportReporter -->
<testsuite skipped="0" hostname="LAPTOP-O4I02FC2" name="test.TC_02" tests="1" failures="0" timestamp="2021-03-14T23:09:58 CDT" time="3.755" errors="0">
  <testcase name="LaunchTheBrowser" time="3.755" classname="test.TC_02"/>
  <system-out/>
</testsuite> <!-- test.TC_02 -->
