<?xml version="1.0" encoding="UTF-8"?>
<!-- Generated by org.testng.reporters.JUnitReportReporter -->
<testsuite skipped="0" hostname="LAPTOP-O4I02FC2" name="test.TC_001" tests="1" failures="0" timestamp="2021-03-13T22:08:21 CST" time="5.449" errors="0">
  <testcase name="LaunchTheBrowser" time="5.449" classname="test.TC_001"/>
  <system-out/>
</testsuite> <!-- test.TC_001 -->
