<?xml version="1.0" encoding="UTF-8"?>
<!-- Generated by org.testng.reporters.JUnitReportReporter -->
<testsuite skipped="0" hostname="LAPTOP-O4I02FC2" name="test.TC_03" tests="1" failures="0" timestamp="2021-03-15T17:40:23 CDT" time="4.636" errors="0">
  <testcase name="validatemonths" time="4.636" classname="test.TC_03"/>
  <system-out/>
</testsuite> <!-- test.TC_03 -->
